---- Minecraft Crash Report ----

// Hi. I'm Connector, and I'm a crashaholic
=========================
SINYTRA CONNECTOR IS PRESENT!
Please verify issues are not caused by Connector before reporting them to mod authors.
If you're unsure, file a report on Connector's issue tracker found at https://github.com/Sinytra/Connector/issues.
=========================

// Embeddium instance tainted by mods: [valkyrienskies, oculus, vs_addition]
// Please do not reach out for Embeddium support without removing these mods first.
// -------
// You should try our sister game, Minceraft!

Time: 2025-09-05 07:08:39
Description: Rendering overlay

java.lang.NullPointerException: Cannot get config value before spec is built
	at com.google.common.base.Preconditions.checkNotNull(Preconditions.java:907) ~[guava-31.1-jre.jar%2388!/:?] {}
	at net.minecraftforge.common.ForgeConfigSpec$ConfigValue.get(ForgeConfigSpec.java:842) ~[forge-1.20.1-47.4.0-universal.jar%23319!/:?] {re:mixin,re:classloading}
	at com.example.examplemod.Config.onLoad(Config.java:69) ~[tabtime-1.0.0.jar%23298!/:1.0.0] {re:classloading,pl:eventbus:A}
	at com.example.examplemod.__Config_onLoad_ModConfigEvent.invoke(.dynamic) ~[tabtime-1.0.0.jar%23298!/:1.0.0] {re:classloading,pl:eventbus:B}
	at net.minecraftforge.eventbus.ASMEventHandler.invoke(ASMEventHandler.java:73) ~[eventbus-6.0.5.jar%23137!/:?] {}
	at net.minecraftforge.eventbus.EventBus.post(EventBus.java:315) ~[eventbus-6.0.5.jar%23137!/:?] {}
	at net.minecraftforge.eventbus.EventBus.post(EventBus.java:296) ~[eventbus-6.0.5.jar%23137!/:?] {}
	at net.minecraftforge.fml.javafmlmod.FMLModContainer.lambda$new$0(FMLModContainer.java:46) ~[javafmllanguage-1.20.1-47.4.0.jar%23316!/:?] {}
	at net.minecraftforge.fml.ModContainer.lambda$dispatchConfigEvent$9(ModContainer.java:172) ~[fmlcore-1.20.1-47.4.0.jar%23315!/:?] {}
	at java.util.Optional.ifPresent(Optional.java:178) ~[?:?] {re:mixin}
	at net.minecraftforge.fml.ModContainer.dispatchConfigEvent(ModContainer.java:172) ~[fmlcore-1.20.1-47.4.0.jar%23315!/:?] {}
	at net.minecraftforge.fml.config.ModConfig.fireEvent(ModConfig.java:77) ~[fmlcore-1.20.1-47.4.0.jar%23315!/:?] {}
	at net.minecraftforge.fml.config.ConfigTracker.openConfig(ConfigTracker.java:62) ~[fmlcore-1.20.1-47.4.0.jar%23315!/:?] {}
	at net.minecraftforge.fml.config.ConfigTracker.lambda$loadConfigs$1(ConfigTracker.java:50) ~[fmlcore-1.20.1-47.4.0.jar%23315!/:?] {}
	at java.lang.Iterable.forEach(Iterable.java:75) ~[?:?] {re:mixin}
	at java.util.Collections$SynchronizedCollection.forEach(Collections.java:2131) ~[?:?] {}
	at net.minecraftforge.fml.config.ConfigTracker.loadConfigs(ConfigTracker.java:50) ~[fmlcore-1.20.1-47.4.0.jar%23315!/:?] {}
	at net.minecraftforge.fml.core.ModStateProvider.lambda$new$1(ModStateProvider.java:67) ~[forge-1.20.1-47.4.0-universal.jar%23319!/:?] {re:classloading}
	at net.minecraftforge.fml.DistExecutor.unsafeRunWhenOn(DistExecutor.java:111) ~[fmlcore-1.20.1-47.4.0.jar%23315!/:?] {}
	at net.minecraftforge.fml.core.ModStateProvider.lambda$new$3(ModStateProvider.java:66) ~[forge-1.20.1-47.4.0-universal.jar%23319!/:?] {re:classloading}
	at net.minecraftforge.fml.ModLoader.handleInlineTransition(ModLoader.java:217) ~[fmlcore-1.20.1-47.4.0.jar%23315!/:?] {}
	at net.minecraftforge.fml.ModLoader.lambda$dispatchAndHandleError$19(ModLoader.java:209) ~[fmlcore-1.20.1-47.4.0.jar%23315!/:?] {}
	at java.util.Optional.ifPresent(Optional.java:178) ~[?:?] {re:mixin}
	at net.minecraftforge.fml.ModLoader.dispatchAndHandleError(ModLoader.java:209) ~[fmlcore-1.20.1-47.4.0.jar%23315!/:?] {}
	at net.minecraftforge.fml.ModLoader.lambda$loadMods$15(ModLoader.java:190) ~[fmlcore-1.20.1-47.4.0.jar%23315!/:?] {}
	at java.lang.Iterable.forEach(Iterable.java:75) ~[?:?] {re:mixin}
	at net.minecraftforge.fml.ModLoader.loadMods(ModLoader.java:190) ~[fmlcore-1.20.1-47.4.0.jar%23315!/:?] {}
	at net.minecraftforge.client.loading.ClientModLoader.lambda$startModLoading$5(ClientModLoader.java:94) ~[forge-1.20.1-47.4.0-universal.jar%23319!/:?] {re:classloading}
	at net.minecraftforge.client.loading.ClientModLoader.lambda$createRunnableWithCatch$4(ClientModLoader.java:86) ~[forge-1.20.1-47.4.0-universal.jar%23319!/:?] {re:classloading}
	at net.minecraftforge.client.loading.ClientModLoader.startModLoading(ClientModLoader.java:94) ~[forge-1.20.1-47.4.0-universal.jar%23319!/:?] {re:classloading}
	at net.minecraftforge.client.loading.ClientModLoader.lambda$onResourceReload$2(ClientModLoader.java:77) ~[forge-1.20.1-47.4.0-universal.jar%23319!/:?] {re:classloading}
	at net.minecraftforge.client.loading.ClientModLoader.lambda$createRunnableWithCatch$4(ClientModLoader.java:86) ~[forge-1.20.1-47.4.0-universal.jar%23319!/:?] {re:classloading}
	at java.util.concurrent.CompletableFuture$AsyncRun.run(CompletableFuture.java:1804) ~[?:?] {}
	at java.util.concurrent.CompletableFuture$AsyncRun.exec(CompletableFuture.java:1796) ~[?:?] {}
	at java.util.concurrent.ForkJoinTask.doExec(ForkJoinTask.java:373) ~[?:?] {}
	at java.util.concurrent.ForkJoinPool$WorkQueue.topLevelExec(ForkJoinPool.java:1182) ~[?:?] {}
	at java.util.concurrent.ForkJoinPool.scan(ForkJoinPool.java:1655) ~[?:?] {re:computing_frames}
	at java.util.concurrent.ForkJoinPool.runWorker(ForkJoinPool.java:1622) ~[?:?] {re:computing_frames}
	at java.util.concurrent.ForkJoinWorkerThread.run(ForkJoinWorkerThread.java:165) ~[?:?] {}


A detailed walkthrough of the error, its code path and all known details is as follows:
---------------------------------------------------------------------------------------

-- Head --
Thread: Render thread
Suspected Mod: 
	Example Mod (tabtime), Version: 1.0.0
		at TRANSFORMER/tabtime@1.0.0/com.example.examplemod.Config.onLoad(Config.java:69)
Stacktrace:
	at com.google.common.base.Preconditions.checkNotNull(Preconditions.java:907) ~[guava-31.1-jre.jar%2388!/:?] {}
	at net.minecraftforge.common.ForgeConfigSpec$ConfigValue.get(ForgeConfigSpec.java:842) ~[forge-1.20.1-47.4.0-universal.jar%23319!/:?] {re:mixin,re:classloading}
	at com.example.examplemod.Config.onLoad(Config.java:69) ~[tabtime-1.0.0.jar%23298!/:1.0.0] {re:classloading,pl:eventbus:A}
	at com.example.examplemod.__Config_onLoad_ModConfigEvent.invoke(.dynamic) ~[tabtime-1.0.0.jar%23298!/:1.0.0] {re:classloading,pl:eventbus:B}
	at net.minecraftforge.eventbus.ASMEventHandler.invoke(ASMEventHandler.java:73) ~[eventbus-6.0.5.jar%23137!/:?] {}
	at net.minecraftforge.eventbus.EventBus.post(EventBus.java:315) ~[eventbus-6.0.5.jar%23137!/:?] {}
	at net.minecraftforge.eventbus.EventBus.post(EventBus.java:296) ~[eventbus-6.0.5.jar%23137!/:?] {}
	at net.minecraftforge.fml.javafmlmod.FMLModContainer.lambda$new$0(FMLModContainer.java:46) ~[javafmllanguage-1.20.1-47.4.0.jar%23316!/:?] {}
	at net.minecraftforge.fml.ModContainer.lambda$dispatchConfigEvent$9(ModContainer.java:172) ~[fmlcore-1.20.1-47.4.0.jar%23315!/:?] {}
	at java.util.Optional.ifPresent(Optional.java:178) ~[?:?] {re:mixin}
	at net.minecraftforge.fml.ModContainer.dispatchConfigEvent(ModContainer.java:172) ~[fmlcore-1.20.1-47.4.0.jar%23315!/:?] {}
	at net.minecraftforge.fml.config.ModConfig.fireEvent(ModConfig.java:77) ~[fmlcore-1.20.1-47.4.0.jar%23315!/:?] {}
	at net.minecraftforge.fml.config.ConfigTracker.openConfig(ConfigTracker.java:62) ~[fmlcore-1.20.1-47.4.0.jar%23315!/:?] {}
	at net.minecraftforge.fml.config.ConfigTracker.lambda$loadConfigs$1(ConfigTracker.java:50) ~[fmlcore-1.20.1-47.4.0.jar%23315!/:?] {}
-- Overlay render details --
Details:
	Overlay name: net.minecraftforge.client.loading.ForgeLoadingOverlay
Stacktrace:
	at net.minecraft.client.renderer.GameRenderer.m_109093_(GameRenderer.java:957) ~[client-1.20.1-20230612.114412-srg.jar%23314!/:?] {re:mixin,pl:accesstransformer:B,pl:connector_pre_launch:A,pl:runtimedistcleaner:A,re:classloading,pl:accesstransformer:B,pl:mixin:APP:embeddiumplus.mixin.json:darkness.GameRendererMixin from mod embeddiumplus,pl:mixin:APP:mixins.oculus.json:GameRendererAccessor from mod oculus,pl:mixin:APP:mixins.oculus.json:MixinGameRenderer from mod oculus,pl:mixin:APP:mixins.oculus.json:MixinModelViewBobbing from mod oculus,pl:mixin:APP:mixins.controlcraft.json:camera.MixinGameRenderer from mod vscontrolcraft,pl:mixin:APP:railways-common.mixins.json:conductor_possession.MixinGameRenderer from mod railways,pl:mixin:APP:mixins.cosmos.json:MixinGameRenderer from mod (unknown),pl:mixin:APP:valkyrienskies-common.mixins.json:client.renderer.MixinGameRenderer from mod valkyrienskies,pl:mixin:APP:vmod-common.mixins.json:GameRendererMixin from mod valkyrien_mod,pl:mixin:APP:create.mixins.json:accessor.GameRendererAccessor from mod create,pl:mixin:APP:create.mixins.json:client.GameRendererMixin from mod create,pl:mixin:APP:embeddium.mixins.json:features.gui.hooks.console.GameRendererMixin from mod embeddium,pl:mixin:APP:mixins.oculus.json:MixinGameRenderer_NightVisionCompat from mod oculus,pl:mixin:A,pl:connector_pre_launch:A,pl:runtimedistcleaner:A}
	at net.minecraft.client.Minecraft.m_91383_(Minecraft.java:1146) ~[client-1.20.1-20230612.114412-srg.jar%23314!/:?] {re:mixin,pl:accesstransformer:B,pl:connector_pre_launch:A,pl:runtimedistcleaner:A,re:classloading,pl:accesstransformer:B,pl:mixin:A,pl:connector_pre_launch:A,pl:runtimedistcleaner:A}
	at net.minecraft.client.Minecraft.m_91374_(Minecraft.java:718) ~[client-1.20.1-20230612.114412-srg.jar%23314!/:?] {re:mixin,pl:accesstransformer:B,pl:connector_pre_launch:A,pl:runtimedistcleaner:A,re:classloading,pl:accesstransformer:B,pl:mixin:A,pl:connector_pre_launch:A,pl:runtimedistcleaner:A}
	at net.minecraft.client.main.Main.main(Main.java:218) ~[Total%20Valkyrien.jar:?] {re:mixin,pl:connector_pre_launch:A,pl:runtimedistcleaner:A,re:classloading,pl:mixin:APP:flywheel.mixins.json:ClientMainMixin from mod flywheel,pl:mixin:A,pl:connector_pre_launch:A,pl:runtimedistcleaner:A}
	at jdk.internal.reflect.NativeMethodAccessorImpl.invoke0(Native Method) ~[?:?] {}
	at jdk.internal.reflect.NativeMethodAccessorImpl.invoke(NativeMethodAccessorImpl.java:77) ~[?:?] {}
	at jdk.internal.reflect.DelegatingMethodAccessorImpl.invoke(DelegatingMethodAccessorImpl.java:43) ~[?:?] {}
	at java.lang.reflect.Method.invoke(Method.java:568) ~[?:?] {}
	at net.minecraftforge.fml.loading.targets.CommonLaunchHandler.runTarget(CommonLaunchHandler.java:111) ~[fmlloader-1.20.1-47.4.0.jar:?] {}
	at net.minecraftforge.fml.loading.targets.CommonLaunchHandler.clientService(CommonLaunchHandler.java:99) ~[fmlloader-1.20.1-47.4.0.jar:?] {}
	at net.minecraftforge.fml.loading.targets.CommonClientLaunchHandler.lambda$makeService$0(CommonClientLaunchHandler.java:25) ~[fmlloader-1.20.1-47.4.0.jar:?] {}
	at cpw.mods.modlauncher.LaunchServiceHandlerDecorator.launch(LaunchServiceHandlerDecorator.java:30) ~[modlauncher-10.0.9.jar:?] {}
	at cpw.mods.modlauncher.LaunchServiceHandler.launch(LaunchServiceHandler.java:53) ~[modlauncher-10.0.9.jar:?] {}
	at cpw.mods.modlauncher.LaunchServiceHandler.launch(LaunchServiceHandler.java:71) ~[modlauncher-10.0.9.jar:?] {}
	at cpw.mods.modlauncher.Launcher.run(Launcher.java:108) ~[modlauncher-10.0.9.jar:?] {}
	at cpw.mods.modlauncher.Launcher.main(Launcher.java:78) ~[modlauncher-10.0.9.jar:?] {}
	at cpw.mods.modlauncher.BootstrapLaunchConsumer.accept(BootstrapLaunchConsumer.java:26) ~[modlauncher-10.0.9.jar:?] {}
	at cpw.mods.modlauncher.BootstrapLaunchConsumer.accept(BootstrapLaunchConsumer.java:23) ~[modlauncher-10.0.9.jar:?] {}
	at cpw.mods.bootstraplauncher.BootstrapLauncher.main(BootstrapLauncher.java:141) ~[bootstraplauncher-1.1.2.jar:?] {}
	at jdk.internal.reflect.NativeMethodAccessorImpl.invoke0(Native Method) ~[?:?] {}
	at jdk.internal.reflect.NativeMethodAccessorImpl.invoke(NativeMethodAccessorImpl.java:77) ~[?:?] {}
	at jdk.internal.reflect.DelegatingMethodAccessorImpl.invoke(DelegatingMethodAccessorImpl.java:43) ~[?:?] {}
	at java.lang.reflect.Method.invoke(Method.java:568) ~[?:?] {}
	at oolloo.jlw.Wrapper.invokeMain(Wrapper.java:112) ~[?:?] {}
	at oolloo.jlw.Wrapper.main(Wrapper.java:105) ~[?:?] {}


-- Last reload --
Details:
	Reload number: 1
	Reload reason: initial
	Finished: No
	Packs: vanilla, mod_resources, fabric, KubeJS Resource Pack [assets]

-- System Details --
Details:
	Minecraft Version: 1.20.1
	Minecraft Version ID: 1.20.1
	Operating System: Windows 11 (amd64) version 10.0
	Java Version: 17.0.8, Microsoft
	Java VM Version: OpenJDK 64-Bit Server VM (mixed mode), Microsoft
	Memory: 536158544 bytes (511 MiB) / 2466250752 bytes (2352 MiB) up to 8266973184 bytes (7884 MiB)
	CPUs: 24
	Processor Vendor: GenuineIntel
	Processor Name: 12th Gen Intel(R) Core(TM) i9-12900HX
	Identifier: Intel64 Family 6 Model 151 Stepping 2
	Microarchitecture: Alder Lake
	Frequency (GHz): 2.50
	Number of physical packages: 1
	Number of physical CPUs: 16
	Number of logical CPUs: 24
	Graphics card #0 name: NVIDIA GeForce RTX 4060 Laptop GPU
	Graphics card #0 vendor: NVIDIA (0x10de)
	Graphics card #0 VRAM (MB): 4095.00
	Graphics card #0 deviceId: 0x28a0
	Graphics card #0 versionInfo: DriverVersion=32.0.15.8097
	Graphics card #1 name: Intel(R) UHD Graphics
	Graphics card #1 vendor: Intel Corporation (0x8086)
	Graphics card #1 VRAM (MB): 2048.00
	Graphics card #1 deviceId: 0x4688
	Graphics card #1 versionInfo: DriverVersion=32.0.101.6881
	Memory slot #0 capacity (MB): 16384.00
	Memory slot #0 clockSpeed (GHz): 4.80
	Memory slot #0 type: Unknown
	Memory slot #1 capacity (MB): 16384.00
	Memory slot #1 clockSpeed (GHz): 4.80
	Memory slot #1 type: Unknown
	Virtual memory max (MB): 36848.66
	Virtual memory used (MB): 26348.58
	Swap memory total (MB): 4352.00
	Swap memory used (MB): 129.94
	JVM Flags: 6 total; -XX:+UseG1GC -XX:-UseAdaptiveSizePolicy -XX:-OmitStackTraceInFastThrow -XX:HeapDumpPath=MojangTricksIntelDriversForPerformance_javaw.exe_minecraft.exe.heapdump -Xmn1576m -Xmx7884m
	Loaded Shaderpack: (off)
	Launched Version: Total Valkyrien
	Backend library: LWJGL version 3.3.1 build 7
	Backend API: NVIDIA GeForce RTX 4060 Laptop GPU/PCIe/SSE2 GL version 4.6.0 NVIDIA 580.97, NVIDIA Corporation
	Window size: 854x480
	GL Caps: Using framebuffer using OpenGL 3.2
	GL debug messages: 
	Using VBOs: Yes
	Is Modded: Definitely; Client brand changed to 'forge'
	Type: Client (map_client.txt)
	Graphics mode: fancy
	Resource Packs: vanilla, mod_resources, fabric
	Current Language: zh_cn
	CPU: 24x 12th Gen Intel(R) Core(TM) i9-12900HX
	Sinytra Connector: 1.0.0-beta.46+1.20.1
		SINYTRA CONNECTOR IS PRESENT!
		Please verify issues are not caused by Connector before reporting them to mod authors. If you're unsure, file a report on Connector's issue tracker.
		Connector's issue tracker can be found at https://github.com/Sinytra/Connector/issues.
		Installed Fabric mods:
		| ================================================== | ============================== | ============================== | ==================== |
		| ValkyrienPirates-1.8.1-forge_mapped_srg_1.20.1.jar | Valkyrien Pirates              | pirates                        | 1.8.1-forge          |
	ModLauncher: 10.0.9+10.0.9+main.dcd20f30
	ModLauncher launch target: forgeclient
	ModLauncher naming: srg
	ModLauncher services: 
		mixin-0.8.5.jar mixin PLUGINSERVICE 
		eventbus-6.0.5.jar eventbus PLUGINSERVICE 
		fmlloader-1.20.1-47.4.0.jar slf4jfixer PLUGINSERVICE 
		fmlloader-1.20.1-47.4.0.jar object_holder_definalize PLUGINSERVICE 
		fmlloader-1.20.1-47.4.0.jar runtime_enum_extender PLUGINSERVICE 
		fmlloader-1.20.1-47.4.0.jar capability_token_subclass PLUGINSERVICE 
		accesstransformers-8.0.4.jar accesstransformer PLUGINSERVICE 
		fmlloader-1.20.1-47.4.0.jar runtimedistcleaner PLUGINSERVICE 
		modlauncher-10.0.9.jar mixin TRANSFORMATIONSERVICE 
		modlauncher-10.0.9.jar fml TRANSFORMATIONSERVICE 
		modlauncher-10.0.9.jar mixin-transmogrifier TRANSFORMATIONSERVICE 
		modlauncher-10.0.9.jar connector_loader TRANSFORMATIONSERVICE 
	FML Language Providers: 
		minecraft@1.0
		kotlinforforge@4.11.0
		javafml@null
		lowcodefml@null
	Mod List: 
		kontraption-0.0.42dd9962eb2.jar                   |Kontraption                   |kontraption                   |0.0.4               |COMMON_SET|Manifest: NOSIGNATURE
		fabric-renderer-api-v1-3.2.1+cf68abbe77.jar       |Fabric Renderer API (v1)      |fabric_renderer_api_v1        |3.2.1+cf68abbe77    |COMMON_SET|Manifest: NOSIGNATURE
		paucal-0.6.0+1.20.1-forge.jar                     |PAUCAL                        |paucal                        |0.6.0+1.20.1-forge  |COMMON_SET|Manifest: NOSIGNATURE
		geckolib-forge-1.20.1-4.7.2.jar                   |GeckoLib 4                    |geckolib                      |4.7.2               |COMMON_SET|Manifest: NOSIGNATURE
		createdeco-2.0.2-1.20.1-forge.jar                 |Create Deco                   |createdeco                    |2.0.2-1.20.1-forge  |COMMON_SET|Manifest: NOSIGNATURE
		botarium-forge-1.20.1-2.3.4.jar                   |Botarium                      |botarium                      |2.3.4               |COMMON_SET|Manifest: NOSIGNATURE
		fabric-item-api-v1-2.1.28+4d0bbcfa77.jar          |Fabric Item API (v1)          |fabric_item_api_v1            |2.1.28+4d0bbcfa77   |COMMON_SET|Manifest: NOSIGNATURE
		fabric-rendering-fluids-v1-3.0.28+4ac5e37a77.jar  |Fabric Rendering Fluids (v1)  |fabric_rendering_fluids_v1    |3.0.28+4ac5e37a77   |COMMON_SET|Manifest: NOSIGNATURE
		fabric-models-v0-0.4.2+7c3892a477.jar             |Fabric Models (v0)            |fabric_models_v0              |0.4.2+7c3892a477    |COMMON_SET|Manifest: NOSIGNATURE
		fabric-convention-tags-v1-1.5.5+fa3d1c0177.jar    |Fabric Convention Tags        |fabric_convention_tags_v1     |1.5.5+fa3d1c0177    |COMMON_SET|Manifest: NOSIGNATURE
		ritchiesprojectilelib-2.0.0-dev+mc.1.20.1-forge-bu|Ritchie's Projectile Library  |ritchiesprojectilelib         |2.0.0-dev+mc.1.20.1-|COMMON_SET|Manifest: NOSIGNATURE
		[Xaero的世界地图] XaerosWorldMap_1.39.12_Forge_1.20.jar|Xaero's World Map             |xaeroworldmap                 |1.39.12             |COMMON_SET|Manifest: NOSIGNATURE
		fabric-command-api-v1-1.2.34+f71b366f77.jar       |Fabric Command API (v1)       |fabric_command_api_v1         |1.2.34+f71b366f77   |COMMON_SET|Manifest: NOSIGNATURE
		fabric-block-view-api-v2-1.0.1+0767707077.jar     |Fabric BlockView API (v2)     |fabric_block_view_api_v2      |1.0.1+0767707077    |COMMON_SET|Manifest: NOSIGNATURE
		fabric-command-api-v2-2.2.13+561530ec77.jar       |Fabric Command API (v2)       |fabric_command_api_v2         |2.2.13+561530ec77   |COMMON_SET|Manifest: NOSIGNATURE
		fabric-data-attachment-api-v1-1.0.0+30ef839e77.jar|Fabric Data Attachment API (v1|fabric_data_attachment_api_v1 |1.0.0+30ef839e77    |COMMON_SET|Manifest: NOSIGNATURE
		mixinextras-forge-0.4.1.jar                       |MixinExtras                   |mixinextras                   |0.4.1               |COMMON_SET|Manifest: NOSIGNATURE
		createdieselgenerators-1.20.1-1.2i.jar            |Create Diesel Generators      |createdieselgenerators        |1.20.1-1.2i         |COMMON_SET|Manifest: NOSIGNATURE
		create-new-age-forge-1.20.1-1.1.2.jar             |Create: New Age               |create_new_age                |1.1.2               |COMMON_SET|Manifest: NOSIGNATURE
		fabric-screen-api-v1-2.0.8+45a670a577.jar         |Fabric Screen API (v1)        |fabric_screen_api_v1          |2.0.8+45a670a577    |COMMON_SET|Manifest: NOSIGNATURE
		cloth-config-11.1.136-forge.jar                   |Cloth Config v10 API          |cloth_config                  |11.1.136            |COMMON_SET|Manifest: NOSIGNATURE
		fabric-api-0.92.2+1.11.9+1.20.1.jar               |Forgified Fabric API          |fabric_api                    |0.92.2+1.11.9+1.20.1|COMMON_SET|Manifest: NOSIGNATURE
		fabric-content-registries-v0-4.0.11+a670df1e77.jar|Fabric Content Registries (v0)|fabric_content_registries_v0  |4.0.11+a670df1e77   |COMMON_SET|Manifest: NOSIGNATURE
		embeddium-0.3.31+mc1.20.1.jar                     |Embeddium                     |embeddium                     |0.3.31+mc1.20.1     |COMMON_SET|Manifest: NOSIGNATURE
		embeddiumplus-1.20.1-v1.2.13.jar                  |Embeddium++                   |embeddiumplus                 |1.2.13              |COMMON_SET|Manifest: NOSIGNATURE
		create_connected-0.9.4-mc1.20.1-all.jar           |Create: Connected             |create_connected              |0.9.4-mc1.20.1      |COMMON_SET|Manifest: NOSIGNATURE
		fabric-game-rule-api-v1-1.0.40+683d4da877.jar     |Fabric Game Rule API (v1)     |fabric_game_rule_api_v1       |1.0.40+683d4da877   |COMMON_SET|Manifest: NOSIGNATURE
		fabric-api-lookup-api-v1-1.6.36+67f9824077.jar    |Fabric API Lookup API (v1)    |fabric_api_lookup_api_v1      |1.6.36+67f9824077   |COMMON_SET|Manifest: NOSIGNATURE
		spark-1.10.53-forge.jar                           |spark                         |spark                         |1.10.53             |COMMON_SET|Manifest: NOSIGNATURE
		curios-forge-5.14.1+1.20.1.jar                    |Curios API                    |curios                        |5.14.1+1.20.1       |COMMON_SET|Manifest: NOSIGNATURE
		Patchouli-1.20.1-84.1-FORGE.jar                   |Patchouli                     |patchouli                     |1.20.1-84.1-FORGE   |COMMON_SET|Manifest: NOSIGNATURE
		oculus-mc1.20.1-1.7.0.jar                         |Oculus                        |oculus                        |1.7.0               |COMMON_SET|Manifest: NOSIGNATURE
		ValkyrienPirates-1.8.1-forge_mapped_srg_1.20.1.jar|Valkyrien Pirates             |pirates                       |1.8.1-forge         |COMMON_SET|Manifest: NOSIGNATURE
		[连锁破坏] ftb-ultimine-forge-2001.1.7.jar            |FTB Ultimine                  |ftbultimine                   |2001.1.7            |COMMON_SET|Manifest: NOSIGNATURE
		Connector-1.0.0-beta.46+1.20.1-mod.jar            |Connector                     |connectormod                  |1.0.0-beta.46+1.20.1|COMMON_SET|Manifest: NOSIGNATURE
		fabric-entity-events-v1-1.6.0+6274ab9d77.jar      |Fabric Entity Events (v1)     |fabric_entity_events_v1       |1.6.0+6274ab9d77    |COMMON_SET|Manifest: NOSIGNATURE
		architectury-9.2.14-forge.jar                     |Architectury                  |architectury                  |9.2.14              |COMMON_SET|Manifest: NOSIGNATURE
		hexsky-forge-1.0.7.jar                            |Hexxy Skies                   |hexsky                        |1.0.7               |COMMON_SET|Manifest: NOSIGNATURE
		cc-tweaked-1.20.1-forge-1.115.0.jar               |CC: Tweaked                   |computercraft                 |1.115.0             |COMMON_SET|Manifest: NOSIGNATURE
		fabric-loot-api-v2-1.2.1+eb28f93e77.jar           |Fabric Loot API (v2)          |fabric_loot_api_v2            |1.2.1+eb28f93e77    |COMMON_SET|Manifest: NOSIGNATURE
		forge-conditional-mixin-forge-0.6.2.jar           |conditional mixin             |conditional_mixin             |0.6.2               |COMMON_SET|Manifest: NOSIGNATURE
		fabric-rendering-data-attachment-v1-0.3.37+a6081af|Fabric Rendering Data Attachme|fabric_rendering_data_attachme|0.3.37+a6081afc77   |COMMON_SET|Manifest: NOSIGNATURE
		fabric-networking-api-v1-1.3.11+503a202477.jar    |Fabric Networking API (v1)    |fabric_networking_api_v1      |1.3.11+503a202477   |COMMON_SET|Manifest: NOSIGNATURE
		forge-Forge-Extended-ASM-3.3.0.jar                |Forge Extended ASM            |forgeextendedasm              |3.2.5               |COMMON_SET|Manifest: NOSIGNATURE
		fabric-lifecycle-events-v1-2.2.22+afab492177.jar  |Fabric Lifecycle Events (v1)  |fabric_lifecycle_events_v1    |2.2.22+afab492177   |COMMON_SET|Manifest: NOSIGNATURE
		fabric-key-binding-api-v1-1.0.37+561530ec77.jar   |Fabric Key Binding API (v1)   |fabric_key_binding_api_v1     |1.0.37+561530ec77   |COMMON_SET|Manifest: NOSIGNATURE
		fabric-client-tags-api-v1-1.1.2+5d6761b877.jar    |Fabric Client Tags            |fabric_client_tags_api_v1     |1.1.2+5d6761b877    |COMMON_SET|Manifest: NOSIGNATURE
		fabric-transfer-api-v1-3.3.5+631c9cd677.jar       |Fabric Transfer API (v1)      |fabric_transfer_api_v1        |3.3.5+631c9cd677    |COMMON_SET|Manifest: NOSIGNATURE
		fabric-dimensions-v1-2.1.54+8005d10d77.jar        |Fabric Dimensions API (v1)    |fabric_dimensions_v1          |2.1.54+8005d10d77   |COMMON_SET|Manifest: NOSIGNATURE
		create_tweaked_controllers-1.20.1-1.2.4.jar       |Create: Tweaked Controllers   |create_tweaked_controllers    |1.20.1-1.2.4        |COMMON_SET|Manifest: NOSIGNATURE
		rhino-forge-2001.2.3-build.10.jar                 |Rhino                         |rhino                         |2001.2.3-build.10   |COMMON_SET|Manifest: NOSIGNATURE
		createbigcannons-5.8.2-mc.1.20.1-forge.jar        |Create Big Cannons            |createbigcannons              |5.8.2               |COMMON_SET|Manifest: NOSIGNATURE
		ftb-library-forge-2001.2.10.jar                   |FTB Library                   |ftblibrary                    |2001.2.10           |COMMON_SET|Manifest: NOSIGNATURE
		copycats-2.1.4+mc.1.20.1-forge.jar                |Create: Copycats+             |copycats                      |2.1.4+mc.1.20.1-forg|COMMON_SET|Manifest: NOSIGNATURE
		fabric-model-loading-api-v1-1.0.3+6274ab9d77.jar  |Fabric Model Loading API (v1) |fabric_model_loading_api_v1   |1.0.3+6274ab9d77    |COMMON_SET|Manifest: NOSIGNATURE
		jei-1.20.1-forge-15.20.0.106.jar                  |Just Enough Items             |jei                           |15.20.0.106         |COMMON_SET|Manifest: NOSIGNATURE
		kubejs-forge-2001.6.5-build.16.jar                |KubeJS                        |kubejs                        |2001.6.5-build.16   |COMMON_SET|Manifest: NOSIGNATURE
		fabric-screen-handler-api-v1-1.3.30+561530ec77.jar|Fabric Screen Handler API (v1)|fabric_screen_handler_api_v1  |1.3.30+561530ec77   |COMMON_SET|Manifest: NOSIGNATURE
		fabric-resource-loader-v0-0.11.10+bcd08ed377.jar  |Fabric Resource Loader (v0)   |fabric_resource_loader_v0     |0.11.10+bcd08ed377  |COMMON_SET|Manifest: NOSIGNATURE
		Mekanism-1.20.1-10.4.16.80.jar                    |Mekanism                      |mekanism                      |10.4.16             |COMMON_SET|Manifest: NOSIGNATURE
		MekanismWeapons-1.20.1-3.0.jar                    |Mekanism: Weapons             |mekaweapons                   |3.0                 |COMMON_SET|Manifest: NOSIGNATURE
		[通用机械发电机] MekanismGenerators-1.20.1-10.4.16.80.jar|Mekanism: Generators          |mekanismgenerators            |10.4.16             |COMMON_SET|Manifest: NOSIGNATURE
		[通用机械附加] MekanismAdditions-1.20.1-10.4.16.80.jar  |Mekanism: Additions           |mekanismadditions             |10.4.16             |COMMON_SET|Manifest: NOSIGNATURE
		[通用机械工具] MekanismTools-1.20.1-10.4.16.80.jar      |Mekanism: Tools               |mekanismtools                 |10.4.16             |COMMON_SET|Manifest: NOSIGNATURE
		caelus-forge-3.2.0+1.20.1.jar                     |Caelus API                    |caelus                        |3.2.0+1.20.1        |COMMON_SET|Manifest: NOSIGNATURE
		tabtime-1.0.0.jar                                 |Example Mod                   |tabtime                       |1.0.0               |COMMON_SET|Manifest: NOSIGNATURE
		GeckoLibOculusCompat-Forge-1.0.1.jar              |GeckoLibIrisCompat            |geckoanimfix                  |1.0.0               |COMMON_SET|Manifest: NOSIGNATURE
		fabric-rendering-v1-3.0.8+66e9a48f77.jar          |Fabric Rendering (v1)         |fabric_rendering_v1           |3.0.8+66e9a48f77    |COMMON_SET|Manifest: NOSIGNATURE
		fabric-renderer-indigo-1.5.2+b5b2da4177.jar       |Fabric Renderer - Indigo      |fabric_renderer_indigo        |1.5.2+b5b2da4177    |COMMON_SET|Manifest: NOSIGNATURE
		fabric-mining-level-api-v1-2.1.50+561530ec77.jar  |Fabric Mining Level API (v1)  |fabric_mining_level_api_v1    |2.1.50+561530ec77   |COMMON_SET|Manifest: NOSIGNATURE
		valkyrien-ship-schematics-forge-0.9.jar           |Valkyrien Ship Schematics     |valkyrien_ship_schematics     |1.0                 |COMMON_SET|Manifest: NOSIGNATURE
		valkyrienrelogs-0.3.0-forge.jar                   |Valkyrien Relogs              |valkyrienrelogs               |0.3.0-forge         |COMMON_SET|Manifest: NOSIGNATURE
		Control Craft Forge-1.20.1-2.3.4-all.jar          |Control Craft                 |vscontrolcraft                |2.3.4               |COMMON_SET|Manifest: NOSIGNATURE
		VSChunkLoader-forge-1.20.1-1.2.1.jar              |VSChunkLoader                 |vschunkloader                 |1.2.1               |COMMON_SET|Manifest: NOSIGNATURE
		hexcasting-forge-1.20.1-0.11.2.jar                |Hex Casting                   |hexcasting                    |0.11.2              |COMMON_SET|Manifest: NOSIGNATURE
		Steam_Rails-1.6.7+forge-mc1.20.1.jar              |Create: Steam 'n' Rails       |railways                      |1.6.7+forge-mc1.20.1|COMMON_SET|Manifest: NOSIGNATURE
		fabric-particles-v1-1.1.2+78e1ecb877.jar          |Fabric Particles (v1)         |fabric_particles_v1           |1.1.2+78e1ecb877    |COMMON_SET|Manifest: NOSIGNATURE
		forge-1.20.1-47.4.0-universal.jar                 |Forge                         |forge                         |47.4.0              |COMMON_SET|Manifest: 84:ce:76:e8:45:35:e4:0e:63:86:df:47:59:80:0f:67:6c:c1:5f:6e:5f:4d:b3:54:47:1a:9f:7f:ed:5e:f2:90
		fabric-transitive-access-wideners-v1-4.3.1+1880499|Fabric Transitive Access Widen|fabric_transitive_access_widen|4.3.1+1880499877    |COMMON_SET|Manifest: NOSIGNATURE
		ZeroCore2-1.20.1-2.1.45.jar                       |Zero CORE 2                   |zerocore                      |1.20.1-2.1.45       |COMMON_SET|Manifest: NOSIGNATURE
		client-1.20.1-20230612.114412-srg.jar             |Minecraft                     |minecraft                     |1.20.1              |COMMON_SET|Manifest: a1:d4:5e:04:4f:d3:d6:e0:7b:37:97:cf:77:b0:de:ad:4a:47:ce:8c:96:49:5f:0a:cf:8c:ae:b2:6d:4b:8a:3f
		WariumVS 0.0.8.jar                                |Warium_VS                     |valkyrien_warium              |0.0.8               |COMMON_SET|Manifest: NOSIGNATURE
		Cosmic_Horizons-0.0.7.2-forge-1.20.1.jar          |Cosmic Horizons               |cosmos                        |0.0.7.2             |COMMON_SET|Manifest: NOSIGNATURE
		SimpleBackups-1.20.1-3.1.8.jar                    |Simple Backups                |simplebackups                 |1.20.1-3.1.8        |COMMON_SET|Manifest: NOSIGNATURE
		fabric-api-base-0.4.31+ef105b4977.jar             |Fabric API Base               |fabric_api_base               |0.4.31+ef105b4977   |COMMON_SET|Manifest: NOSIGNATURE
		fabric-blockrenderlayer-v1-1.1.41+1d0da21e77.jar  |Fabric BlockRenderLayer Regist|fabric_blockrenderlayer_v1    |1.1.41+1d0da21e77   |COMMON_SET|Manifest: NOSIGNATURE
		mixinsquared-forge-0.2.0-beta.6.jar               |MixinSquared                  |mixinsquared                  |0.2.0-beta.6        |COMMON_SET|Manifest: NOSIGNATURE
		Jade-1.20.1-Forge-11.13.2.jar                     |Jade                          |jade                          |11.13.2+forge       |COMMON_SET|Manifest: NOSIGNATURE
		mekanism_turrets-1.2.1.jar                        |Mekanism Turrets              |mekanism_turrets              |1.2.1               |COMMON_SET|Manifest: NOSIGNATURE
		fabric-block-api-v1-1.0.11+0e6cb7f777.jar         |Fabric Block API (v1)         |fabric_block_api_v1           |1.0.11+0e6cb7f777   |COMMON_SET|Manifest: NOSIGNATURE
		fabric-resource-conditions-api-v1-2.3.8+9ad825cd77|Fabric Resource Conditions API|fabric_resource_conditions_api|2.3.8+9ad825cd77    |COMMON_SET|Manifest: NOSIGNATURE
		kffmod-4.11.0.jar                                 |Kotlin For Forge              |kotlinforforge                |4.11.0              |COMMON_SET|Manifest: NOSIGNATURE
		flywheel-forge-1.20.1-0.6.11-13.jar               |Flywheel                      |flywheel                      |0.6.11-13           |COMMON_SET|Manifest: NOSIGNATURE
		oculus-flywheel-compat-forge1.20.1+1.1.2.jar      |Oculus Flywheel Compat        |irisflw                       |1.1.2               |COMMON_SET|Manifest: NOSIGNATURE
		create-1.20.1-0.5.1.j.jar                         |Create                        |create                        |0.5.1.j             |COMMON_SET|Manifest: NOSIGNATURE
		[Xaero的小地图] Xaeros_Minimap_25.2.10_Forge_1.20.jar |Xaero's Minimap               |xaerominimap                  |25.2.10             |COMMON_SET|Manifest: NOSIGNATURE
		fabric-item-group-api-v1-4.0.12+c9161c2d77.jar    |Fabric Item Group API (v1)    |fabric_item_group_api_v1      |4.0.12+c9161c2d77   |COMMON_SET|Manifest: NOSIGNATURE
		markdown_manual-MC1.20.1-forge-1.2.5+c3f0b88.jar  |Markdown Manual               |markdown_manual               |1.2.5+c3f0b88       |COMMON_SET|Manifest: NOSIGNATURE
		tis3d-MC1.20.1-forge-1.7.7+354a583.jar            |TIS-3D                        |tis3d                         |1.7.7+354a583       |COMMON_SET|Manifest: NOSIGNATURE
		fabric-biome-api-v1-13.0.13+dc36698e77.jar        |Fabric Biome API (v1)         |fabric_biome_api_v1           |13.0.13+dc36698e77  |COMMON_SET|Manifest: NOSIGNATURE
		fabric-registry-sync-v0-2.3.3+1c0ea72177.jar      |Fabric Registry Sync (v0)     |fabric_registry_sync_v0       |2.3.3+1c0ea72177    |COMMON_SET|Manifest: NOSIGNATURE
		fabric-recipe-api-v1-1.0.21+514a076577.jar        |Fabric Recipe API (v1)        |fabric_recipe_api_v1          |1.0.21+514a076577   |COMMON_SET|Manifest: NOSIGNATURE
		fabric-object-builder-api-v1-11.1.3+2174fc8477.jar|Fabric Object Builder API (v1)|fabric_object_builder_api_v1  |11.1.3+2174fc8477   |COMMON_SET|Manifest: NOSIGNATURE
		Jade-VS-forge-1.20.1-1.2.0.jar                    |Jade-VS                       |jade_vs                       |1.2.0               |COMMON_SET|Manifest: NOSIGNATURE
		inline-forge-1.20.1-1.0.2.jar                     |Inline                        |inline                        |1.20.1-1.0.2        |COMMON_SET|Manifest: NOSIGNATURE
		fabric-sound-api-v1-1.0.13+4f23bd8477.jar         |Fabric Sound API (v1)         |fabric_sound_api_v1           |1.0.13+4f23bd8477   |COMMON_SET|Manifest: NOSIGNATURE
		valkyrienskies-120-2.3.0-beta.9.jar               |Valkyrien Skies 2             |valkyrienskies                |2.3.0-beta.9        |COMMON_SET|Manifest: NOSIGNATURE
		tournament-1.20.1-forge-1.1.0_beta-5.3+af35b3821f.|VS Tournament Mod             |vs_tournament                 |1.1.0_beta-5.3+af35b|COMMON_SET|Manifest: NOSIGNATURE
		eureka-1201-1.5.1-beta.3.jar                      |VS Eureka Mod                 |vs_eureka                     |1.5.1-beta.3        |COMMON_SET|Manifest: NOSIGNATURE
		createpropulsion-0.2.0.jar                        |Create: Propulsion            |createpropulsion              |0.2.0               |COMMON_SET|Manifest: NOSIGNATURE
		clockwork-1.20.1-0.1.16-forge-b3b22e39fe.jar      |Clockwork: Create x Valkyrien |vs_clockwork                  |1.20.1-0.1.16-forge-|COMMON_SET|Manifest: NOSIGNATURE
		ship_in_a_bottle-1.20.1-2.0.0.jar                 |Ship In A Bottle              |ship_in_a_bottle              |1.20.1-2.0.0        |COMMON_SET|Manifest: NOSIGNATURE
		trackwork-1.20.1-1.1.1b.jar                       |Trackwork Mod                 |trackwork                     |1.1.1b              |COMMON_SET|Manifest: NOSIGNATURE
		VMod-Forge-1.20.1-0.1.3.jar                       |VMod                          |valkyrien_mod                 |0.1.3               |COMMON_SET|Manifest: NOSIGNATURE
		tisvs-1.20.1-forge-0.2.2-final.jar                |TIS-VS                        |tisvs                         |1.20.1-forge-0.2.2-f|COMMON_SET|Manifest: NOSIGNATURE
		cc_vs-1.20.1-forge-0.2.2.jar                      |CC: VS                        |cc_vs                         |1.20.1-forge-0.2.2  |COMMON_SET|Manifest: NOSIGNATURE
		vlib-1.20.1-0.0.11-alpha.jar                      |VLib                          |vlib                          |1.20.1-0.0.11-alpha |COMMON_SET|Manifest: NOSIGNATURE
		vs_sails-1.20.1-0.1.7-forge.jar                   |Valkyrien Sails               |vs_sails                      |0.1.7               |COMMON_SET|Manifest: NOSIGNATURE
		vs_addition-1.20.1-0.0.10+aa958d43e6.jar          |VS Addition                   |vs_addition                   |1.20.1-forge-0.0.10+|COMMON_SET|Manifest: NOSIGNATURE
		kubevs-1.20.1-forge-1.1.0.jar                     |KubeVS                        |kubevs                        |1.20.1-forge-1.1.0  |COMMON_SET|Manifest: NOSIGNATURE
		drivebywire-1.20.1-0.0.10.jar                     |Drive-By-Wire Mod             |drivebywire                   |0.0.10              |COMMON_SET|Manifest: NOSIGNATURE
		starlance-1.3.0.jar                               |Starlance: Valkyrien Skies X C|vsch                          |1.3.0               |COMMON_SET|Manifest: NOSIGNATURE
		create_interactive-1.1.1-beta.4_1.20.1-forge.jar  |Create: Interactive           |create_interactive            |1.1.1-beta.4_1.20.1-|COMMON_SET|Manifest: NOSIGNATURE
		[瓦尔基里：轨道学] vs_orbit-1.20.1-0.0.4.jar              |VS Orbit                      |vs_orbit                      |0.0.4               |COMMON_SET|Manifest: NOSIGNATURE
		fabric-message-api-v1-5.1.9+52cc178c77.jar        |Fabric Message API (v1)       |fabric_message_api_v1         |5.1.9+52cc178c77    |COMMON_SET|Manifest: NOSIGNATURE
		Warium 1.0.5.jar                                  |Warium                        |crusty_chunks                 |1.0.5               |COMMON_SET|Manifest: NOSIGNATURE
		fabric-data-generation-api-v1-12.3.4+369cb3a477.ja|Fabric Data Generation API (v1|fabric_data_generation_api_v1 |12.3.4+369cb3a477   |COMMON_SET|Manifest: NOSIGNATURE
		fabric-events-interaction-v0-0.6.2+0d0bd5a777.jar |Fabric Events Interaction (v0)|fabric_events_interaction_v0  |0.6.2+0d0bd5a777    |COMMON_SET|Manifest: NOSIGNATURE
		createaddition-1.20.1-1.2.5.jar                   |Create Crafts & Additions     |createaddition                |1.20.1-1.2.5        |COMMON_SET|Manifest: NOSIGNATURE
	Crash Report UUID: 555f5d29-e9f5-4f9d-90a6-e2e1f498fd5b
	FML: 47.4
	Forge: net.minecraftforge:47.4.0
	Flywheel Backend: Uninitialized